<?xml version="1.0" encoding="UTF-8"?>
<robot generator="Robot 7.4.2 (Python 3.14.3 on win32)" generated="2026-04-16T12:55:33.074392" rpa="false" schemaversion="5">
<suite id="s1" name="Pet Test" source="C:\Users\shubham.sadgure1\PycharmProjects\API_Automation\tests\pet_test.robot">
<test id="s1-t1" name="Verify Create Pet" line="9">
<kw name="Log To Console" owner="BuiltIn">
<arg>Verifying Create Pet API</arg>
<doc>Logs the given message to the console.</doc>
<status status="PASS" start="2026-04-16T12:55:34.669967" elapsed="0.000830"/>
</kw>
<kw name="Create API Session" owner="common_keywords">
<kw name="Create Session" owner="RequestsLibrary">
<msg time="2026-04-16T12:55:34.672780" level="INFO">Creating Session using : alias=mysession, url=https://petstore.swagger.io/v2, headers={},                     cookies={}, auth=None, timeout=None, proxies=None, verify=False,                     debug=0 </msg>
<arg>mysession</arg>
<arg>${BASE_URL}</arg>
<doc>Create Session: create a HTTP session to a server</doc>
<status status="PASS" start="2026-04-16T12:55:34.672595" elapsed="0.008769"/>
</kw>
<status status="PASS" start="2026-04-16T12:55:34.672221" elapsed="0.009271"/>
</kw>
<kw name="Create Dynamic Pet Body" owner="test_data">
<kw name="Evaluate" owner="BuiltIn">
<msg time="2026-04-16T12:55:34.682413" level="INFO">${id} = 4907</msg>
<var>${id}</var>
<arg>random.randint(1000, 9999)</arg>
<arg>modules=random</arg>
<doc>Evaluates the given expression in Python and returns the result.</doc>
<status status="PASS" start="2026-04-16T12:55:34.681968" elapsed="0.000530"/>
</kw>
<kw name="Generate Random String" owner="String">
<msg time="2026-04-16T12:55:34.682859" level="INFO">${name} = EwOzap</msg>
<var>${name}</var>
<arg>6</arg>
<arg>[LETTERS]</arg>
<doc>Generates a string with a desired ``length`` from the given ``chars``.</doc>
<status status="PASS" start="2026-04-16T12:55:34.682620" elapsed="0.000285"/>
</kw>
<kw name="Generate Random String" owner="String">
<msg time="2026-04-16T12:55:34.683139" level="INFO">${tag} = qrwOA</msg>
<var>${tag}</var>
<arg>5</arg>
<arg>[LETTERS]</arg>
<doc>Generates a string with a desired ``length`` from the given ``chars``.</doc>
<status status="PASS" start="2026-04-16T12:55:34.682998" elapsed="0.000182"/>
</kw>
<kw name="Generate Random String" owner="String">
<msg time="2026-04-16T12:55:34.683403" level="INFO">${photo} = WXKo</msg>
<var>${photo}</var>
<arg>4</arg>
<arg>[LETTERS]</arg>
<doc>Generates a string with a desired ``length`` from the given ``chars``.</doc>
<status status="PASS" start="2026-04-16T12:55:34.683268" elapsed="0.000176"/>
</kw>
<kw name="Create List" owner="BuiltIn">
<msg time="2026-04-16T12:55:34.683754" level="INFO">${photo_list} = ['WXKo']</msg>
<var>${photo_list}</var>
<arg>${photo}</arg>
<doc>Returns a list containing given items.</doc>
<status status="PASS" start="2026-04-16T12:55:34.683529" elapsed="0.000272"/>
</kw>
<kw name="Create Dictionary" owner="BuiltIn">
<msg time="2026-04-16T12:55:34.684246" level="INFO">${tag_obj} = {'id': '0', 'name': 'qrwOA'}</msg>
<var>${tag_obj}</var>
<arg>id=0</arg>
<arg>name=${tag}</arg>
<doc>Creates and returns a dictionary based on the given ``items``.</doc>
<status status="PASS" start="2026-04-16T12:55:34.683901" elapsed="0.000396"/>
</kw>
<kw name="Create List" owner="BuiltIn">
<msg time="2026-04-16T12:55:34.684621" level="INFO">${tags} = [{'id': '0', 'name': 'qrwOA'}]</msg>
<var>${tags}</var>
<arg>${tag_obj}</arg>
<doc>Returns a list containing given items.</doc>
<status status="PASS" start="2026-04-16T12:55:34.684407" elapsed="0.000260"/>
</kw>
<kw name="Create Dictionary" owner="BuiltIn">
<msg time="2026-04-16T12:55:34.685004" level="INFO">${category} = {'id': '0', 'name': 'qrwOA'}</msg>
<var>${category}</var>
<arg>id=0</arg>
<arg>name=${tag}</arg>
<doc>Creates and returns a dictionary based on the given ``items``.</doc>
<status status="PASS" start="2026-04-16T12:55:34.684767" elapsed="0.000279"/>
</kw>
<kw name="Create Dictionary" owner="BuiltIn">
<msg time="2026-04-16T12:55:34.685517" level="INFO">${body} = {'id': 4907, 'name': 'EwOzap', 'photoUrls': ['WXKo'], 'status': 'available', 'category': {'id': '0', 'name': 'qrwOA'}, 'tags': [{'id': '0', 'name': 'qrwOA'}]}</msg>
<var>${body}</var>
<arg>id=${id}</arg>
<arg>name=${name}</arg>
<arg>photoUrls=${photo_list}</arg>
<arg>status=available</arg>
<arg>category=${category}</arg>
<arg>tags=${tags}</arg>
<doc>Creates and returns a dictionary based on the given ``items``.</doc>
<status status="PASS" start="2026-04-16T12:55:34.685138" elapsed="0.000423"/>
</kw>
<return>
<value>${body}</value>
<status status="PASS" start="2026-04-16T12:55:34.685624" elapsed="0.000076"/>
</return>
<msg time="2026-04-16T12:55:34.685813" level="INFO">${body} = {'id': 4907, 'name': 'EwOzap', 'photoUrls': ['WXKo'], 'status': 'available', 'category': {'id': '0', 'name': 'qrwOA'}, 'tags': [{'id': '0', 'name': 'qrwOA'}]}</msg>
<var>${body}</var>
<status status="PASS" start="2026-04-16T12:55:34.681700" elapsed="0.004151"/>
</kw>
<kw name="Create Pet" owner="pet_keywords">
<kw name="Post Request pet" owner="common_keywords">
<kw name="Create Dictionary" owner="BuiltIn">
<msg time="2026-04-16T12:55:34.687164" level="INFO">${headers} = {'Content-Type': 'application/json'}</msg>
<var>${headers}</var>
<arg>Content-Type=application/json</arg>
<doc>Creates and returns a dictionary based on the given ``items``.</doc>
<status status="PASS" start="2026-04-16T12:55:34.686943" elapsed="0.000269"/>
</kw>
<kw name="POST On Session" owner="RequestsLibrary">
<msg time="2026-04-16T12:55:36.168097" level="INFO">POST Request : url=https://petstore.swagger.io/v2/pet 
 path_url=/v2/pet 
 headers={'User-Agent': 'python-requests/2.33.1', 'Accept-Encoding': 'gzip, deflate, zstd', 'Accept': '*/*', 'Connection': 'keep-alive', 'Content-Type': 'application/json', 'Content-Length': '158'} 
 body=b'{"id": 4907, "name": "EwOzap", "photoUrls": ["WXKo"], "status": "available", "category": {"id": "0", "name": "qrwOA"}, "tags": [{"id": "0", "name": "qrwOA"}]}' 
 </msg>
<msg time="2026-04-16T12:55:36.168385" level="INFO">POST Response : url=https://petstore.swagger.io/v2/pet 
 status=200, reason=OK 
 headers={'Date': 'Thu, 16 Apr 2026 07:25:36 GMT', 'Content-Type': 'application/json', 'Transfer-Encoding': 'chunked', 'Connection': 'keep-alive', 'Access-Control-Allow-Origin': '*', 'Access-Control-Allow-Methods': 'GET, POST, DELETE, PUT', 'Access-Control-Allow-Headers': 'Content-Type, api_key, Authorization', 'Server': 'Jetty(9.2.9.v20150224)'} 
 body={"id":4907,"category":{"id":0,"name":"qrwOA"},"name":"EwOzap","photoUrls":["WXKo"],"tags":[{"id":0,"name":"qrwOA"}],"status":"available"} 
 </msg>
<msg time="2026-04-16T12:55:36.168544" level="INFO">C:\Users\shubham.sadgure1\PycharmProjects\API_Automation\.venv\Lib\site-packages\urllib3\connectionpool.py:1097: InsecureRequestWarning: Unverified HTTPS request is being made to host 'petstore.swagger.io'. Adding certificate verification is strongly advised. See: https://urllib3.readthedocs.io/en/latest/advanced-usage.html#tls-warnings
  warnings.warn(</msg>
<msg time="2026-04-16T12:55:36.168864" level="INFO">${response} = &lt;Response [200]&gt;</msg>
<var>${response}</var>
<arg>mysession</arg>
<arg>${endpoint}</arg>
<arg>json=${body}</arg>
<arg>headers=${headers}</arg>
<doc>Sends a POST request on a previously created HTTP Session.</doc>
<status status="PASS" start="2026-04-16T12:55:34.687302" elapsed="1.481680"/>
</kw>
<return>
<value>${response}</value>
<status status="PASS" start="2026-04-16T12:55:36.169215" elapsed="0.000177"/>
</return>
<msg time="2026-04-16T12:55:36.169699" level="INFO">${response} = &lt;Response [200]&gt;</msg>
<var>${response}</var>
<arg>${PET}</arg>
<arg>${body}</arg>
<status status="PASS" start="2026-04-16T12:55:34.686718" elapsed="1.483065"/>
</kw>
<return>
<value>${response}</value>
<status status="PASS" start="2026-04-16T12:55:36.169884" elapsed="0.000090"/>
</return>
<msg time="2026-04-16T12:55:36.170150" level="INFO">${response} = &lt;Response [200]&gt;</msg>
<var>${response}</var>
<arg>${body}</arg>
<status status="PASS" start="2026-04-16T12:55:34.686444" elapsed="1.483816"/>
</kw>
<kw name="Should Be Equal As Numbers" owner="BuiltIn">
<msg time="2026-04-16T12:55:36.171353" level="INFO">Argument types are:
&lt;class 'int'&gt;
&lt;class 'str'&gt;</msg>
<arg>${response.status_code}</arg>
<arg>200</arg>
<doc>Fails if objects are unequal after converting them to real numbers.</doc>
<status status="PASS" start="2026-04-16T12:55:36.170465" elapsed="0.001042"/>
</kw>
<kw name="Set Variable" owner="BuiltIn">
<msg time="2026-04-16T12:55:36.172645" level="INFO">${res_json} = {'id': 4907, 'category': {'id': 0, 'name': 'qrwOA'}, 'name': 'EwOzap', 'photoUrls': ['WXKo'], 'tags': [{'id': 0, 'name': 'qrwOA'}], 'status': 'available'}</msg>
<var>${res_json}</var>
<arg>${response.json()}</arg>
<doc>Returns the given values which can then be assigned to a variables.</doc>
<status status="PASS" start="2026-04-16T12:55:36.171723" elapsed="0.001041"/>
</kw>
<kw name="Set Variable" owner="BuiltIn">
<msg time="2026-04-16T12:55:36.173607" level="INFO">${id_created} = 4907</msg>
<var>${id_created}</var>
<arg>${res_json['id']}</arg>
<doc>Returns the given values which can then be assigned to a variables.</doc>
<status status="PASS" start="2026-04-16T12:55:36.172937" elapsed="0.000753"/>
</kw>
<kw name="Set Suite Variable" owner="BuiltIn">
<msg time="2026-04-16T12:55:36.174269" level="INFO">${id_created} = 4907</msg>
<arg>${id_created}</arg>
<doc>Makes a variable available everywhere within the scope of the current suite.</doc>
<status status="PASS" start="2026-04-16T12:55:36.173871" elapsed="0.000489"/>
</kw>
<kw name="Should Be Equal As Numbers" owner="BuiltIn">
<arg>${res_json['id']}</arg>
<arg>${body['id']}</arg>
<doc>Fails if objects are unequal after converting them to real numbers.</doc>
<status status="PASS" start="2026-04-16T12:55:36.174515" elapsed="0.000907"/>
</kw>
<kw name="Should Be Equal" owner="BuiltIn">
<arg>${res_json['name']}</arg>
<arg>${body['name']}</arg>
<doc>Fails if the given objects are unequal.</doc>
<status status="PASS" start="2026-04-16T12:55:36.175585" elapsed="0.000762"/>
</kw>
<kw name="Should Be Equal" owner="BuiltIn">
<arg>${res_json['status']}</arg>
<arg>${body['status']}</arg>
<doc>Fails if the given objects are unequal.</doc>
<status status="PASS" start="2026-04-16T12:55:36.176475" elapsed="0.001733"/>
</kw>
<kw name="Should Be Equal As Numbers" owner="BuiltIn">
<msg time="2026-04-16T12:55:36.178952" level="INFO">Argument types are:
&lt;class 'int'&gt;
&lt;class 'str'&gt;</msg>
<arg>${res_json['category']['id']}</arg>
<arg>${body['category']['id']}</arg>
<doc>Fails if objects are unequal after converting them to real numbers.</doc>
<status status="PASS" start="2026-04-16T12:55:36.178402" elapsed="0.000632"/>
</kw>
<kw name="Should Be Equal" owner="BuiltIn">
<arg>${res_json['category']['name']}</arg>
<arg>${body['category']['name']}</arg>
<doc>Fails if the given objects are unequal.</doc>
<status status="PASS" start="2026-04-16T12:55:36.179149" elapsed="0.000542"/>
</kw>
<kw name="Should Be Equal" owner="BuiltIn">
<arg>${res_json['photoUrls']}</arg>
<arg>${body['photoUrls']}</arg>
<doc>Fails if the given objects are unequal.</doc>
<status status="PASS" start="2026-04-16T12:55:36.179798" elapsed="0.000563"/>
</kw>
<kw name="Should Be Equal As Numbers" owner="BuiltIn">
<msg time="2026-04-16T12:55:36.180965" level="INFO">Argument types are:
&lt;class 'int'&gt;
&lt;class 'str'&gt;</msg>
<arg>${res_json['tags'][0]['id']}</arg>
<arg>${body['tags'][0]['id']}</arg>
<doc>Fails if objects are unequal after converting them to real numbers.</doc>
<status status="PASS" start="2026-04-16T12:55:36.180465" elapsed="0.000573"/>
</kw>
<kw name="Should Be Equal" owner="BuiltIn">
<arg>${res_json['tags'][0]['name']}</arg>
<arg>${body['tags'][0]['name']}</arg>
<doc>Fails if the given objects are unequal.</doc>
<status status="PASS" start="2026-04-16T12:55:36.181140" elapsed="0.000544"/>
</kw>
<status status="PASS" start="2026-04-16T12:55:34.669019" elapsed="1.512776"/>
</test>
<test id="s1-t2" name="Verify Get Pet By ID" line="34">
<kw name="Log To Console" owner="BuiltIn">
<arg>Verifying Get Pet by ID API</arg>
<doc>Logs the given message to the console.</doc>
<status status="PASS" start="2026-04-16T12:55:36.182457" elapsed="0.000282"/>
</kw>
<kw name="Create API Session" owner="common_keywords">
<kw name="Create Session" owner="RequestsLibrary">
<msg time="2026-04-16T12:55:36.183288" level="INFO">Creating Session using : alias=mysession, url=https://petstore.swagger.io/v2, headers={},                     cookies={}, auth=None, timeout=None, proxies=None, verify=False,                     debug=0 </msg>
<arg>mysession</arg>
<arg>${BASE_URL}</arg>
<doc>Create Session: create a HTTP session to a server</doc>
<status status="PASS" start="2026-04-16T12:55:36.183150" elapsed="0.000297"/>
</kw>
<status status="PASS" start="2026-04-16T12:55:36.182912" elapsed="0.000620"/>
</kw>
<kw name="Set Variable" owner="BuiltIn">
<msg time="2026-04-16T12:55:36.183871" level="INFO">${id} = 4907</msg>
<var>${id}</var>
<arg>${id_created}</arg>
<doc>Returns the given values which can then be assigned to a variables.</doc>
<status status="PASS" start="2026-04-16T12:55:36.183627" elapsed="0.000292"/>
</kw>
<kw name="Get Pet By ID" owner="pet_keywords">
<kw name="Set Variable" owner="BuiltIn">
<msg time="2026-04-16T12:55:36.184550" level="INFO">${endpoint} = /pet/4907</msg>
<var>${endpoint}</var>
<arg>/pet/${id}</arg>
<doc>Returns the given values which can then be assigned to a variables.</doc>
<status status="PASS" start="2026-04-16T12:55:36.184303" elapsed="0.000299"/>
</kw>
<kw name="Get Request Pet" owner="common_keywords">
<kw name="GET On Session" owner="RequestsLibrary">
<msg time="2026-04-16T12:55:37.408376" level="INFO">GET Request : url=https://petstore.swagger.io/v2/pet/4907 
 path_url=/v2/pet/4907 
 headers={'User-Agent': 'python-requests/2.33.1', 'Accept-Encoding': 'gzip, deflate, zstd', 'Accept': '*/*', 'Connection': 'keep-alive'} 
 body=None 
 </msg>
<msg time="2026-04-16T12:55:37.408689" level="INFO">GET Response : url=https://petstore.swagger.io/v2/pet/4907 
 status=200, reason=OK 
 headers={'Date': 'Thu, 16 Apr 2026 07:25:37 GMT', 'Content-Type': 'application/json', 'Transfer-Encoding': 'chunked', 'Connection': 'keep-alive', 'Access-Control-Allow-Origin': '*', 'Access-Control-Allow-Methods': 'GET, POST, DELETE, PUT', 'Access-Control-Allow-Headers': 'Content-Type, api_key, Authorization', 'Server': 'Jetty(9.2.9.v20150224)'} 
 body={"id":4907,"category":{"id":0,"name":"qrwOA"},"name":"EwOzap","photoUrls":["WXKo"],"tags":[{"id":0,"name":"qrwOA"}],"status":"available"} 
 </msg>
<msg time="2026-04-16T12:55:37.408812" level="INFO">C:\Users\shubham.sadgure1\PycharmProjects\API_Automation\.venv\Lib\site-packages\urllib3\connectionpool.py:1097: InsecureRequestWarning: Unverified HTTPS request is being made to host 'petstore.swagger.io'. Adding certificate verification is strongly advised. See: https://urllib3.readthedocs.io/en/latest/advanced-usage.html#tls-warnings
  warnings.warn(</msg>
<msg time="2026-04-16T12:55:37.408994" level="INFO">${response} = &lt;Response [200]&gt;</msg>
<var>${response}</var>
<arg>mysession</arg>
<arg>${endpoint}</arg>
<doc>Sends a GET request on a previously created HTTP Session.</doc>
<status status="PASS" start="2026-04-16T12:55:36.184942" elapsed="1.224120"/>
</kw>
<return>
<value>${response}</value>
<status status="PASS" start="2026-04-16T12:55:37.409201" elapsed="0.000189"/>
</return>
<msg time="2026-04-16T12:55:37.409765" level="INFO">${response} = &lt;Response [200]&gt;</msg>
<var>${response}</var>
<arg>${endpoint}</arg>
<status status="PASS" start="2026-04-16T12:55:36.184733" elapsed="1.225176"/>
</kw>
<return>
<value>${response}</value>
<status status="PASS" start="2026-04-16T12:55:37.410387" elapsed="0.000181"/>
</return>
<msg time="2026-04-16T12:55:37.410712" level="INFO">${response} = &lt;Response [200]&gt;</msg>
<var>${response}</var>
<arg>${id}</arg>
<status status="PASS" start="2026-04-16T12:55:36.184067" elapsed="1.226708"/>
</kw>
<kw name="Log To Console" owner="BuiltIn">
<arg>${response.status_code}</arg>
<doc>Logs the given message to the console.</doc>
<status status="PASS" start="2026-04-16T12:55:37.410942" elapsed="0.000555"/>
</kw>
<kw name="Log To Console" owner="BuiltIn">
<arg>${response.json()}</arg>
<doc>Logs the given message to the console.</doc>
<status status="PASS" start="2026-04-16T12:55:37.411692" elapsed="0.000640"/>
</kw>
<kw name="Should Be Equal As Numbers" owner="BuiltIn">
<msg time="2026-04-16T12:55:37.412826" level="INFO">Argument types are:
&lt;class 'int'&gt;
&lt;class 'str'&gt;</msg>
<arg>${response.status_code}</arg>
<arg>200</arg>
<doc>Fails if objects are unequal after converting them to real numbers.</doc>
<status status="PASS" start="2026-04-16T12:55:37.412449" elapsed="0.000444"/>
</kw>
<status status="PASS" start="2026-04-16T12:55:36.182145" elapsed="1.230844"/>
</test>
<test id="s1-t3" name="Verify Update Pet By ID" line="48">
<kw name="Log To Console" owner="BuiltIn">
<arg>Verifying Update Pet by ID API</arg>
<doc>Logs the given message to the console.</doc>
<status status="PASS" start="2026-04-16T12:55:37.413444" elapsed="0.000211"/>
</kw>
<kw name="Create API Session" owner="common_keywords">
<kw name="Create Session" owner="RequestsLibrary">
<msg time="2026-04-16T12:55:37.414148" level="INFO">Creating Session using : alias=mysession, url=https://petstore.swagger.io/v2, headers={},                     cookies={}, auth=None, timeout=None, proxies=None, verify=False,                     debug=0 </msg>
<arg>mysession</arg>
<arg>${BASE_URL}</arg>
<doc>Create Session: create a HTTP session to a server</doc>
<status status="PASS" start="2026-04-16T12:55:37.414004" elapsed="0.000292"/>
</kw>
<status status="PASS" start="2026-04-16T12:55:37.413805" elapsed="0.000567"/>
</kw>
<kw name="Set Variable" owner="BuiltIn">
<msg time="2026-04-16T12:55:37.414693" level="INFO">${id} = 4907</msg>
<var>${id}</var>
<arg>${id_created}</arg>
<doc>Returns the given values which can then be assigned to a variables.</doc>
<status status="PASS" start="2026-04-16T12:55:37.414463" elapsed="0.000277"/>
</kw>
<kw name="Create Dynamic Update Pet Body" owner="test_data">
<kw name="Generate Random String" owner="String">
<msg time="2026-04-16T12:55:37.415266" level="INFO">${name} = cGADgD</msg>
<var>${name}</var>
<arg>6</arg>
<arg>[LETTERS]</arg>
<doc>Generates a string with a desired ``length`` from the given ``chars``.</doc>
<status status="PASS" start="2026-04-16T12:55:37.415112" elapsed="0.000198"/>
</kw>
<kw name="Generate Random String" owner="String">
<msg time="2026-04-16T12:55:37.415521" level="INFO">${tag} = SlPWc</msg>
<var>${tag}</var>
<arg>5</arg>
<arg>[LETTERS]</arg>
<doc>Generates a string with a desired ``length`` from the given ``chars``.</doc>
<status status="PASS" start="2026-04-16T12:55:37.415397" elapsed="0.000164"/>
</kw>
<kw name="Generate Random String" owner="String">
<msg time="2026-04-16T12:55:37.415781" level="INFO">${photo} = obxu</msg>
<var>${photo}</var>
<arg>4</arg>
<arg>[LETTERS]</arg>
<doc>Generates a string with a desired ``length`` from the given ``chars``.</doc>
<status status="PASS" start="2026-04-16T12:55:37.415642" elapsed="0.000181"/>
</kw>
<kw name="Create List" owner="BuiltIn">
<msg time="2026-04-16T12:55:37.416276" level="INFO">${photo_list} = ['obxu']</msg>
<var>${photo_list}</var>
<arg>${photo}</arg>
<doc>Returns a list containing given items.</doc>
<status status="PASS" start="2026-04-16T12:55:37.415910" elapsed="0.000466"/>
</kw>
<kw name="Create Dictionary" owner="BuiltIn">
<msg time="2026-04-16T12:55:37.416866" level="INFO">${tag_obj} = {'id': '0', 'name': 'SlPWc'}</msg>
<var>${tag_obj}</var>
<arg>id=0</arg>
<arg>name=${tag}</arg>
<doc>Creates and returns a dictionary based on the given ``items``.</doc>
<status status="PASS" start="2026-04-16T12:55:37.416525" elapsed="0.000401"/>
</kw>
<kw name="Create List" owner="BuiltIn">
<msg time="2026-04-16T12:55:37.417437" level="INFO">${tags} = [{'id': '0', 'name': 'SlPWc'}]</msg>
<var>${tags}</var>
<arg>${tag_obj}</arg>
<doc>Returns a list containing given items.</doc>
<status status="PASS" start="2026-04-16T12:55:37.417073" elapsed="0.000433"/>
</kw>
<kw name="Create Dictionary" owner="BuiltIn">
<msg time="2026-04-16T12:55:37.417931" level="INFO">${category} = {'id': '0', 'name': 'SlPWc'}</msg>
<var>${category}</var>
<arg>id=0</arg>
<arg>name=${tag}</arg>
<doc>Creates and returns a dictionary based on the given ``items``.</doc>
<status status="PASS" start="2026-04-16T12:55:37.417631" elapsed="0.000366"/>
</kw>
<kw name="Create Dictionary" owner="BuiltIn">
<msg time="2026-04-16T12:55:37.418540" level="INFO">${body} = {'id': 4907, 'name': 'cGADgD', 'photoUrls': ['obxu'], 'status': 'updated', 'category': {'id': '0', 'name': 'SlPWc'}, 'tags': [{'id': '0', 'name': 'SlPWc'}]}</msg>
<var>${body}</var>
<arg>id=${id}</arg>
<arg>name=${name}</arg>
<arg>photoUrls=${photo_list}</arg>
<arg>status=updated</arg>
<arg>category=${category}</arg>
<arg>tags=${tags}</arg>
<doc>Creates and returns a dictionary based on the given ``items``.</doc>
<status status="PASS" start="2026-04-16T12:55:37.418115" elapsed="0.000481"/>
</kw>
<return>
<value>${body}</value>
<status status="PASS" start="2026-04-16T12:55:37.418672" elapsed="0.000091"/>
</return>
<msg time="2026-04-16T12:55:37.418922" level="INFO">${update_body} = {'id': 4907, 'name': 'cGADgD', 'photoUrls': ['obxu'], 'status': 'updated', 'category': {'id': '0', 'name': 'SlPWc'}, 'tags': [{'id': '0', 'name': 'SlPWc'}]}</msg>
<var>${update_body}</var>
<arg>${id}</arg>
<status status="PASS" start="2026-04-16T12:55:37.414892" elapsed="0.004098"/>
</kw>
<kw name="Update Pet" owner="pet_keywords">
<kw name="Put Request Pet" owner="common_keywords">
<kw name="Create Dictionary" owner="BuiltIn">
<msg time="2026-04-16T12:55:37.420249" level="INFO">${headers} = {'Content-Type': 'application/json'}</msg>
<var>${headers}</var>
<arg>Content-Type=application/json</arg>
<doc>Creates and returns a dictionary based on the given ``items``.</doc>
<status status="PASS" start="2026-04-16T12:55:37.419945" elapsed="0.000376"/>
</kw>
<kw name="PUT On Session" owner="RequestsLibrary">
<msg time="2026-04-16T12:55:38.831431" level="INFO">PUT Request : url=https://petstore.swagger.io/v2/pet 
 path_url=/v2/pet 
 headers={'User-Agent': 'python-requests/2.33.1', 'Accept-Encoding': 'gzip, deflate, zstd', 'Accept': '*/*', 'Connection': 'keep-alive', 'Content-Type': 'application/json', 'Content-Length': '156'} 
 body=b'{"id": 4907, "name": "cGADgD", "photoUrls": ["obxu"], "status": "updated", "category": {"id": "0", "name": "SlPWc"}, "tags": [{"id": "0", "name": "SlPWc"}]}' 
 </msg>
<msg time="2026-04-16T12:55:38.831888" level="INFO">PUT Response : url=https://petstore.swagger.io/v2/pet 
 status=200, reason=OK 
 headers={'Date': 'Thu, 16 Apr 2026 07:25:38 GMT', 'Content-Type': 'application/json', 'Transfer-Encoding': 'chunked', 'Connection': 'keep-alive', 'Access-Control-Allow-Origin': '*', 'Access-Control-Allow-Methods': 'GET, POST, DELETE, PUT', 'Access-Control-Allow-Headers': 'Content-Type, api_key, Authorization', 'Server': 'Jetty(9.2.9.v20150224)'} 
 body={"id":4907,"category":{"id":0,"name":"SlPWc"},"name":"cGADgD","photoUrls":["obxu"],"tags":[{"id":0,"name":"SlPWc"}],"status":"updated"} 
 </msg>
<msg time="2026-04-16T12:55:38.832118" level="INFO">C:\Users\shubham.sadgure1\PycharmProjects\API_Automation\.venv\Lib\site-packages\urllib3\connectionpool.py:1097: InsecureRequestWarning: Unverified HTTPS request is being made to host 'petstore.swagger.io'. Adding certificate verification is strongly advised. See: https://urllib3.readthedocs.io/en/latest/advanced-usage.html#tls-warnings
  warnings.warn(</msg>
<msg time="2026-04-16T12:55:38.832484" level="INFO">${response} = &lt;Response [200]&gt;</msg>
<var>${response}</var>
<arg>mysession</arg>
<arg>/pet</arg>
<arg>json=${body}</arg>
<arg>headers=${headers}</arg>
<doc>Sends a PUT request on a previously created HTTP Session.</doc>
<status status="PASS" start="2026-04-16T12:55:37.420463" elapsed="1.412142"/>
</kw>
<return>
<value>${response}</value>
<status status="PASS" start="2026-04-16T12:55:38.832891" elapsed="0.000207"/>
</return>
<msg time="2026-04-16T12:55:38.833439" level="INFO">${response} = &lt;Response [200]&gt;</msg>
<var>${response}</var>
<arg>${body}</arg>
<status status="PASS" start="2026-04-16T12:55:37.419673" elapsed="1.413881"/>
</kw>
<return>
<value>${response}</value>
<status status="PASS" start="2026-04-16T12:55:38.833705" elapsed="0.000133"/>
</return>
<msg time="2026-04-16T12:55:38.834153" level="INFO">${response} = &lt;Response [200]&gt;</msg>
<var>${response}</var>
<arg>${update_body}</arg>
<status status="PASS" start="2026-04-16T12:55:37.419151" elapsed="1.415119"/>
</kw>
<kw name="Log To Console" owner="BuiltIn">
<arg>${response.status_code}</arg>
<doc>Logs the given message to the console.</doc>
<status status="PASS" start="2026-04-16T12:55:38.834574" elapsed="0.001135"/>
</kw>
<kw name="Log To Console" owner="BuiltIn">
<arg>${response.json()}</arg>
<doc>Logs the given message to the console.</doc>
<status status="PASS" start="2026-04-16T12:55:38.835971" elapsed="0.000953"/>
</kw>
<kw name="Should Be Equal As Numbers" owner="BuiltIn">
<msg time="2026-04-16T12:55:38.838024" level="INFO">Argument types are:
&lt;class 'int'&gt;
&lt;class 'str'&gt;</msg>
<arg>${response.status_code}</arg>
<arg>200</arg>
<doc>Fails if objects are unequal after converting them to real numbers.</doc>
<status status="PASS" start="2026-04-16T12:55:38.837204" elapsed="0.000975"/>
</kw>
<kw name="Set Variable" owner="BuiltIn">
<msg time="2026-04-16T12:55:38.839265" level="INFO">${json} = {'id': 4907, 'category': {'id': 0, 'name': 'SlPWc'}, 'name': 'cGADgD', 'photoUrls': ['obxu'], 'tags': [{'id': 0, 'name': 'SlPWc'}], 'status': 'updated'}</msg>
<var>${json}</var>
<arg>${response.json()}</arg>
<doc>Returns the given values which can then be assigned to a variables.</doc>
<status status="PASS" start="2026-04-16T12:55:38.838398" elapsed="0.000976"/>
</kw>
<kw name="Should Be Equal As Numbers" owner="BuiltIn">
<arg>${json['id']}</arg>
<arg>${update_body['id']}</arg>
<doc>Fails if objects are unequal after converting them to real numbers.</doc>
<status status="PASS" start="2026-04-16T12:55:38.839570" elapsed="0.001065"/>
</kw>
<kw name="Should Be Equal" owner="BuiltIn">
<arg>${json['name']}</arg>
<arg>${update_body['name']}</arg>
<doc>Fails if the given objects are unequal.</doc>
<status status="PASS" start="2026-04-16T12:55:38.840804" elapsed="0.000909"/>
</kw>
<kw name="Should Be Equal" owner="BuiltIn">
<arg>${json['status']}</arg>
<arg>${update_body['status']}</arg>
<doc>Fails if the given objects are unequal.</doc>
<status status="PASS" start="2026-04-16T12:55:38.841876" elapsed="0.000745"/>
</kw>
<kw name="Should Be Equal As Numbers" owner="BuiltIn">
<msg time="2026-04-16T12:55:38.843357" level="INFO">Argument types are:
&lt;class 'int'&gt;
&lt;class 'str'&gt;</msg>
<arg>${json['category']['id']}</arg>
<arg>${update_body['category']['id']}</arg>
<doc>Fails if objects are unequal after converting them to real numbers.</doc>
<status status="PASS" start="2026-04-16T12:55:38.842751" elapsed="0.000683"/>
</kw>
<kw name="Should Be Equal" owner="BuiltIn">
<arg>${json['category']['name']}</arg>
<arg>${update_body['category']['name']}</arg>
<doc>Fails if the given objects are unequal.</doc>
<status status="PASS" start="2026-04-16T12:55:38.843543" elapsed="0.000531"/>
</kw>
<kw name="Should Be Equal" owner="BuiltIn">
<arg>${json['photoUrls']}</arg>
<arg>${update_body['photoUrls']}</arg>
<doc>Fails if the given objects are unequal.</doc>
<status status="PASS" start="2026-04-16T12:55:38.844175" elapsed="0.000493"/>
</kw>
<kw name="Should Be Equal As Numbers" owner="BuiltIn">
<msg time="2026-04-16T12:55:38.845238" level="INFO">Argument types are:
&lt;class 'int'&gt;
&lt;class 'str'&gt;</msg>
<arg>${json['tags'][0]['id']}</arg>
<arg>${update_body['tags'][0]['id']}</arg>
<doc>Fails if objects are unequal after converting them to real numbers.</doc>
<status status="PASS" start="2026-04-16T12:55:38.844768" elapsed="0.000535"/>
</kw>
<kw name="Should Be Equal" owner="BuiltIn">
<arg>${json['tags'][0]['name']}</arg>
<arg>${update_body['tags'][0]['name']}</arg>
<doc>Fails if the given objects are unequal.</doc>
<status status="PASS" start="2026-04-16T12:55:38.845395" elapsed="0.000488"/>
</kw>
<status status="PASS" start="2026-04-16T12:55:37.413185" elapsed="1.432787"/>
</test>
<test id="s1-t4" name="Verify Delete Pet By ID" line="79">
<kw name="Log To Console" owner="BuiltIn">
<arg>Verifying Delete Pet API</arg>
<doc>Logs the given message to the console.</doc>
<status status="PASS" start="2026-04-16T12:55:38.846577" elapsed="0.000218"/>
</kw>
<kw name="Delete Pet By ID" owner="pet_keywords">
<kw name="Set Variable" owner="BuiltIn">
<msg time="2026-04-16T12:55:38.847384" level="INFO">${endpoint} = /pet/4907</msg>
<var>${endpoint}</var>
<arg>/pet/${id}</arg>
<doc>Returns the given values which can then be assigned to a variables.</doc>
<status status="PASS" start="2026-04-16T12:55:38.847181" elapsed="0.000245"/>
</kw>
<kw name="Delete Request Pet" owner="common_keywords">
<kw name="DELETE On Session" owner="RequestsLibrary">
<msg time="2026-04-16T12:55:39.238928" level="INFO">DELETE Request : url=https://petstore.swagger.io/v2/pet/4907 
 path_url=/v2/pet/4907 
 headers={'User-Agent': 'python-requests/2.33.1', 'Accept-Encoding': 'gzip, deflate, zstd', 'Accept': '*/*', 'Connection': 'keep-alive', 'Content-Length': '0'} 
 body=None 
 </msg>
<msg time="2026-04-16T12:55:39.239410" level="INFO">DELETE Response : url=https://petstore.swagger.io/v2/pet/4907 
 status=200, reason=OK 
 headers={'Date': 'Thu, 16 Apr 2026 07:25:38 GMT', 'Content-Type': 'application/json', 'Transfer-Encoding': 'chunked', 'Connection': 'keep-alive', 'Access-Control-Allow-Origin': '*', 'Access-Control-Allow-Methods': 'GET, POST, DELETE, PUT', 'Access-Control-Allow-Headers': 'Content-Type, api_key, Authorization', 'Server': 'Jetty(9.2.9.v20150224)'} 
 body={"code":200,"type":"unknown","message":"4907"} 
 </msg>
<msg time="2026-04-16T12:55:39.239622" level="INFO">C:\Users\shubham.sadgure1\PycharmProjects\API_Automation\.venv\Lib\site-packages\urllib3\connectionpool.py:1097: InsecureRequestWarning: Unverified HTTPS request is being made to host 'petstore.swagger.io'. Adding certificate verification is strongly advised. See: https://urllib3.readthedocs.io/en/latest/advanced-usage.html#tls-warnings
  warnings.warn(</msg>
<msg time="2026-04-16T12:55:39.240149" level="INFO">${response} = &lt;Response [200]&gt;</msg>
<var>${response}</var>
<arg>mysession</arg>
<arg>${endpoint}</arg>
<doc>Sends a DELETE request on a previously created HTTP Session.</doc>
<status status="PASS" start="2026-04-16T12:55:38.847736" elapsed="0.392581"/>
</kw>
<return>
<value>${response}</value>
<status status="PASS" start="2026-04-16T12:55:39.240505" elapsed="0.000163"/>
</return>
<msg time="2026-04-16T12:55:39.240957" level="INFO">${response} = &lt;Response [200]&gt;</msg>
<var>${response}</var>
<arg>${endpoint}</arg>
<status status="PASS" start="2026-04-16T12:55:38.847542" elapsed="0.393517"/>
</kw>
<return>
<value>${response}</value>
<status status="PASS" start="2026-04-16T12:55:39.241317" elapsed="0.000230"/>
</return>
<msg time="2026-04-16T12:55:39.241928" level="INFO">${response} = &lt;Response [200]&gt;</msg>
<var>${response}</var>
<arg>${id_created}</arg>
<status status="PASS" start="2026-04-16T12:55:38.846949" elapsed="0.395086"/>
</kw>
<kw name="Set Variable" owner="BuiltIn">
<msg time="2026-04-16T12:55:39.244322" level="INFO">${json} = {'code': 200, 'type': 'unknown', 'message': '4907'}</msg>
<var>${json}</var>
<arg>${response.json()}</arg>
<doc>Returns the given values which can then be assigned to a variables.</doc>
<status status="PASS" start="2026-04-16T12:55:39.242313" elapsed="0.002179"/>
</kw>
<kw name="Log To Console" owner="BuiltIn">
<arg>${response.status_code}</arg>
<doc>Logs the given message to the console.</doc>
<status status="PASS" start="2026-04-16T12:55:39.244772" elapsed="0.000998"/>
</kw>
<kw name="Log To Console" owner="BuiltIn">
<arg>${response.json()}</arg>
<doc>Logs the given message to the console.</doc>
<status status="PASS" start="2026-04-16T12:55:39.246020" elapsed="0.000775"/>
</kw>
<kw name="Should Be Equal As Numbers" owner="BuiltIn">
<msg time="2026-04-16T12:55:39.247581" level="INFO">Argument types are:
&lt;class 'int'&gt;
&lt;class 'str'&gt;</msg>
<arg>${response.status_code}</arg>
<arg>200</arg>
<doc>Fails if objects are unequal after converting them to real numbers.</doc>
<status status="PASS" start="2026-04-16T12:55:39.246979" elapsed="0.000717"/>
</kw>
<kw name="Convert To String" owner="BuiltIn">
<msg time="2026-04-16T12:55:39.248212" level="INFO">${id_str} = 4907</msg>
<var>${id_str}</var>
<arg>${id_created}</arg>
<doc>Converts the given item to a Unicode string.</doc>
<status status="PASS" start="2026-04-16T12:55:39.247853" elapsed="0.000423"/>
</kw>
<kw name="Should Be Equal" owner="BuiltIn">
<arg>${json['message']}</arg>
<arg>${id_str}</arg>
<doc>Fails if the given objects are unequal.</doc>
<status status="PASS" start="2026-04-16T12:55:39.248402" elapsed="0.000639"/>
</kw>
<status status="PASS" start="2026-04-16T12:55:38.846293" elapsed="0.402882"/>
</test>
<status status="PASS" start="2026-04-16T12:55:33.122654" elapsed="6.126879"/>
</suite>
<statistics>
<total>
<stat pass="4" fail="0" skip="0">All Tests</stat>
</total>
<tag>
</tag>
<suite>
<stat name="Pet Test" id="s1" pass="4" fail="0" skip="0">Pet Test</stat>
</suite>
</statistics>
<errors>
</errors>
</robot>
