<?xml version="1.0" encoding="UTF-8"?>
<robot generator="Robot 7.4.2 (Python 3.14.3 on win32)" generated="2026-04-15T18:03:45.564956" rpa="false" schemaversion="5">
<suite id="s1" name="Pet Test" source="C:\Users\shubham.sadgure1\PycharmProjects\API_Automation\tests\pet_test.robot">
<test id="s1-t1" name="Verify Create Pet" line="7">
<kw name="Create API Session" owner="common_keywords">
<kw name="Create Session" owner="RequestsLibrary">
<msg time="2026-04-15T18:03:47.045942" level="INFO">Creating Session using : alias=mysession, url=https://petstore.swagger.io/v2, headers={},                     cookies={}, auth=None, timeout=None, proxies=None, verify=False,                     debug=0 </msg>
<arg>mysession</arg>
<arg>${BASE_URL}</arg>
<doc>Create Session: create a HTTP session to a server</doc>
<status status="PASS" start="2026-04-15T18:03:47.044967" elapsed="0.004480"/>
</kw>
<status status="PASS" start="2026-04-15T18:03:47.044215" elapsed="0.005394"/>
</kw>
<kw name="Create Dynamic Pet Body" owner="test_data">
<kw name="Evaluate" owner="BuiltIn">
<msg time="2026-04-15T18:03:47.050619" level="INFO">${id} = 5941</msg>
<var>${id}</var>
<arg>random.randint(1000, 9999)</arg>
<arg>modules=random</arg>
<doc>Evaluates the given expression in Python and returns the result.</doc>
<status status="PASS" start="2026-04-15T18:03:47.050128" elapsed="0.000579"/>
</kw>
<kw name="Generate Random String" owner="String">
<msg time="2026-04-15T18:03:47.051107" level="INFO">${name} = kBUINT</msg>
<var>${name}</var>
<arg>6</arg>
<arg>[LETTERS]</arg>
<doc>Generates a string with a desired ``length`` from the given ``chars``.</doc>
<status status="PASS" start="2026-04-15T18:03:47.050845" elapsed="0.000312"/>
</kw>
<kw name="Generate Random String" owner="String">
<msg time="2026-04-15T18:03:47.051424" level="INFO">${tag} = krYqs</msg>
<var>${tag}</var>
<arg>5</arg>
<arg>[LETTERS]</arg>
<doc>Generates a string with a desired ``length`` from the given ``chars``.</doc>
<status status="PASS" start="2026-04-15T18:03:47.051262" elapsed="0.000212"/>
</kw>
<kw name="Generate Random String" owner="String">
<msg time="2026-04-15T18:03:47.051761" level="INFO">${photo} = nOLa</msg>
<var>${photo}</var>
<arg>4</arg>
<arg>[LETTERS]</arg>
<doc>Generates a string with a desired ``length`` from the given ``chars``.</doc>
<status status="PASS" start="2026-04-15T18:03:47.051597" elapsed="0.000215"/>
</kw>
<kw name="Create List" owner="BuiltIn">
<msg time="2026-04-15T18:03:47.052157" level="INFO">${photo_list} = ['nOLa']</msg>
<var>${photo_list}</var>
<arg>${photo}</arg>
<doc>Returns a list containing given items.</doc>
<status status="PASS" start="2026-04-15T18:03:47.051909" elapsed="0.000293"/>
</kw>
<kw name="Create Dictionary" owner="BuiltIn">
<msg time="2026-04-15T18:03:47.052710" level="INFO">${tag_obj} = {'id': '0', 'name': 'krYqs'}</msg>
<var>${tag_obj}</var>
<arg>id=0</arg>
<arg>name=${tag}</arg>
<doc>Creates and returns a dictionary based on the given ``items``.</doc>
<status status="PASS" start="2026-04-15T18:03:47.052306" elapsed="0.000460"/>
</kw>
<kw name="Create List" owner="BuiltIn">
<msg time="2026-04-15T18:03:47.053102" level="INFO">${tags} = [{'id': '0', 'name': 'krYqs'}]</msg>
<var>${tags}</var>
<arg>${tag_obj}</arg>
<doc>Returns a list containing given items.</doc>
<status status="PASS" start="2026-04-15T18:03:47.052871" elapsed="0.000278"/>
</kw>
<kw name="Create Dictionary" owner="BuiltIn">
<msg time="2026-04-15T18:03:47.053521" level="INFO">${category} = {'id': '0', 'name': 'krYqs'}</msg>
<var>${category}</var>
<arg>id=0</arg>
<arg>name=${tag}</arg>
<doc>Creates and returns a dictionary based on the given ``items``.</doc>
<status status="PASS" start="2026-04-15T18:03:47.053257" elapsed="0.000310"/>
</kw>
<kw name="Create Dictionary" owner="BuiltIn">
<msg time="2026-04-15T18:03:47.054118" level="INFO">${body} = {'id': 5941, 'name': 'kBUINT', 'photoUrls': ['nOLa'], 'status': 'available', 'category': {'id': '0', 'name': 'krYqs'}, 'tags': [{'id': '0', 'name': 'krYqs'}]}</msg>
<var>${body}</var>
<arg>id=${id}</arg>
<arg>name=${name}</arg>
<arg>photoUrls=${photo_list}</arg>
<arg>status=available</arg>
<arg>category=${category}</arg>
<arg>tags=${tags}</arg>
<doc>Creates and returns a dictionary based on the given ``items``.</doc>
<status status="PASS" start="2026-04-15T18:03:47.053669" elapsed="0.000510"/>
</kw>
<return>
<value>${body}</value>
<status status="PASS" start="2026-04-15T18:03:47.054255" elapsed="0.000087"/>
</return>
<msg time="2026-04-15T18:03:47.054477" level="INFO">${body} = {'id': 5941, 'name': 'kBUINT', 'photoUrls': ['nOLa'], 'status': 'available', 'category': {'id': '0', 'name': 'krYqs'}, 'tags': [{'id': '0', 'name': 'krYqs'}]}</msg>
<var>${body}</var>
<status status="PASS" start="2026-04-15T18:03:47.049835" elapsed="0.004698"/>
</kw>
<kw name="Create Pet" owner="pet_keywords">
<kw name="Post Request pet" owner="common_keywords">
<kw name="Create Dictionary" owner="BuiltIn">
<msg time="2026-04-15T18:03:47.057896" level="INFO">${headers} = {'Content-Type': 'application/json'}</msg>
<var>${headers}</var>
<arg>Content-Type=application/json</arg>
<doc>Creates and returns a dictionary based on the given ``items``.</doc>
<status status="PASS" start="2026-04-15T18:03:47.056969" elapsed="0.001119"/>
</kw>
<kw name="POST On Session" owner="RequestsLibrary">
<msg time="2026-04-15T18:03:48.383087" level="INFO">POST Request : url=https://petstore.swagger.io/v2/pet 
 path_url=/v2/pet 
 headers={'User-Agent': 'python-requests/2.33.1', 'Accept-Encoding': 'gzip, deflate, zstd', 'Accept': '*/*', 'Connection': 'keep-alive', 'Content-Type': 'application/json', 'Content-Length': '158'} 
 body=b'{"id": 5941, "name": "kBUINT", "photoUrls": ["nOLa"], "status": "available", "category": {"id": "0", "name": "krYqs"}, "tags": [{"id": "0", "name": "krYqs"}]}' 
 </msg>
<msg time="2026-04-15T18:03:48.383279" level="INFO">POST Response : url=https://petstore.swagger.io/v2/pet 
 status=200, reason=OK 
 headers={'Date': 'Wed, 15 Apr 2026 12:33:48 GMT', 'Content-Type': 'application/json', 'Transfer-Encoding': 'chunked', 'Connection': 'keep-alive', 'Access-Control-Allow-Origin': '*', 'Access-Control-Allow-Methods': 'GET, POST, DELETE, PUT', 'Access-Control-Allow-Headers': 'Content-Type, api_key, Authorization', 'Server': 'Jetty(9.2.9.v20150224)'} 
 body={"id":5941,"category":{"id":0,"name":"krYqs"},"name":"kBUINT","photoUrls":["nOLa"],"tags":[{"id":0,"name":"krYqs"}],"status":"available"} 
 </msg>
<msg time="2026-04-15T18:03:48.383371" level="INFO">C:\Users\shubham.sadgure1\PycharmProjects\API_Automation\.venv\Lib\site-packages\urllib3\connectionpool.py:1097: InsecureRequestWarning: Unverified HTTPS request is being made to host 'petstore.swagger.io'. Adding certificate verification is strongly advised. See: https://urllib3.readthedocs.io/en/latest/advanced-usage.html#tls-warnings
  warnings.warn(</msg>
<msg time="2026-04-15T18:03:48.383519" level="INFO">${response} = &lt;Response [200]&gt;</msg>
<var>${response}</var>
<arg>mysession</arg>
<arg>${endpoint}</arg>
<arg>json=${body}</arg>
<arg>headers=${headers}</arg>
<doc>Sends a POST request on a previously created HTTP Session.</doc>
<status status="PASS" start="2026-04-15T18:03:47.058414" elapsed="1.325158"/>
</kw>
<return>
<value>${response}</value>
<status status="PASS" start="2026-04-15T18:03:48.383671" elapsed="0.000092"/>
</return>
<msg time="2026-04-15T18:03:48.383911" level="INFO">${response} = &lt;Response [200]&gt;</msg>
<var>${response}</var>
<arg>${PET}</arg>
<arg>${body}</arg>
<status status="PASS" start="2026-04-15T18:03:47.056188" elapsed="1.327771"/>
</kw>
<return>
<value>${response}</value>
<status status="PASS" start="2026-04-15T18:03:48.384021" elapsed="0.000054"/>
</return>
<msg time="2026-04-15T18:03:48.384183" level="INFO">${response} = &lt;Response [200]&gt;</msg>
<var>${response}</var>
<arg>${body}</arg>
<status status="PASS" start="2026-04-15T18:03:47.055434" elapsed="1.328803"/>
</kw>
<kw name="Log To Console" owner="BuiltIn">
<arg>${response.status_code}</arg>
<doc>Logs the given message to the console.</doc>
<status status="PASS" start="2026-04-15T18:03:48.384370" elapsed="0.000697"/>
</kw>
<kw name="Log To Console" owner="BuiltIn">
<arg>${response.json()}</arg>
<doc>Logs the given message to the console.</doc>
<status status="PASS" start="2026-04-15T18:03:48.385250" elapsed="0.000509"/>
</kw>
<kw name="Set Variable" owner="BuiltIn">
<msg time="2026-04-15T18:03:48.386303" level="INFO">${json} = {'id': 5941, 'category': {'id': 0, 'name': 'krYqs'}, 'name': 'kBUINT', 'photoUrls': ['nOLa'], 'tags': [{'id': 0, 'name': 'krYqs'}], 'status': 'available'}</msg>
<var>${json}</var>
<arg>${response.json()}</arg>
<doc>Returns the given values which can then be assigned to a variables.</doc>
<status status="PASS" start="2026-04-15T18:03:48.385874" elapsed="0.000493"/>
</kw>
<kw name="Set Variable" owner="BuiltIn">
<msg time="2026-04-15T18:03:48.386945" level="INFO">${id_created} = 5941</msg>
<var>${id_created}</var>
<arg>${json['id']}</arg>
<doc>Returns the given values which can then be assigned to a variables.</doc>
<status status="PASS" start="2026-04-15T18:03:48.386475" elapsed="0.000525"/>
</kw>
<kw name="Set Suite Variable" owner="BuiltIn">
<msg time="2026-04-15T18:03:48.387360" level="INFO">${id_created} = 5941</msg>
<arg>${id_created}</arg>
<doc>Makes a variable available everywhere within the scope of the current suite.</doc>
<status status="PASS" start="2026-04-15T18:03:48.387114" elapsed="0.000301"/>
</kw>
<kw name="Log To Console" owner="BuiltIn">
<arg>Created Id:${id_created}</arg>
<doc>Logs the given message to the console.</doc>
<status status="PASS" start="2026-04-15T18:03:48.387507" elapsed="0.000229"/>
</kw>
<kw name="Should Be Equal As Numbers" owner="BuiltIn">
<msg time="2026-04-15T18:03:48.388214" level="INFO">Argument types are:
&lt;class 'int'&gt;
&lt;class 'str'&gt;</msg>
<arg>${response.status_code}</arg>
<arg>200</arg>
<doc>Fails if objects are unequal after converting them to real numbers.</doc>
<status status="PASS" start="2026-04-15T18:03:48.387843" elapsed="0.000448"/>
</kw>
<status status="PASS" start="2026-04-15T18:03:47.043592" elapsed="1.344798"/>
</test>
<test id="s1-t2" name="Verify Create Pet" line="26">
<kw name="Create API Session" owner="common_keywords">
<kw name="Create Session" owner="RequestsLibrary">
<msg time="2026-04-15T18:03:48.389599" level="INFO">Creating Session using : alias=mysession, url=https://petstore.swagger.io/v2, headers={},                     cookies={}, auth=None, timeout=None, proxies=None, verify=False,                     debug=0 </msg>
<arg>mysession</arg>
<arg>${BASE_URL}</arg>
<doc>Create Session: create a HTTP session to a server</doc>
<status status="PASS" start="2026-04-15T18:03:48.389465" elapsed="0.000291"/>
</kw>
<status status="PASS" start="2026-04-15T18:03:48.389261" elapsed="0.000567"/>
</kw>
<kw name="Create Dynamic Pet Body" owner="test_data">
<kw name="Evaluate" owner="BuiltIn">
<msg time="2026-04-15T18:03:48.390476" level="INFO">${id} = 6999</msg>
<var>${id}</var>
<arg>random.randint(1000, 9999)</arg>
<arg>modules=random</arg>
<doc>Evaluates the given expression in Python and returns the result.</doc>
<status status="PASS" start="2026-04-15T18:03:48.390156" elapsed="0.000376"/>
</kw>
<kw name="Generate Random String" owner="String">
<msg time="2026-04-15T18:03:48.390787" level="INFO">${name} = qzzzUi</msg>
<var>${name}</var>
<arg>6</arg>
<arg>[LETTERS]</arg>
<doc>Generates a string with a desired ``length`` from the given ``chars``.</doc>
<status status="PASS" start="2026-04-15T18:03:48.390636" elapsed="0.000210"/>
</kw>
<kw name="Generate Random String" owner="String">
<msg time="2026-04-15T18:03:48.391090" level="INFO">${tag} = TPEnj</msg>
<var>${tag}</var>
<arg>5</arg>
<arg>[LETTERS]</arg>
<doc>Generates a string with a desired ``length`` from the given ``chars``.</doc>
<status status="PASS" start="2026-04-15T18:03:48.390945" elapsed="0.000190"/>
</kw>
<kw name="Generate Random String" owner="String">
<msg time="2026-04-15T18:03:48.391364" level="INFO">${photo} = cpbE</msg>
<var>${photo}</var>
<arg>4</arg>
<arg>[LETTERS]</arg>
<doc>Generates a string with a desired ``length`` from the given ``chars``.</doc>
<status status="PASS" start="2026-04-15T18:03:48.391224" elapsed="0.000257"/>
</kw>
<kw name="Create List" owner="BuiltIn">
<msg time="2026-04-15T18:03:48.391895" level="INFO">${photo_list} = ['cpbE']</msg>
<var>${photo_list}</var>
<arg>${photo}</arg>
<doc>Returns a list containing given items.</doc>
<status status="PASS" start="2026-04-15T18:03:48.391630" elapsed="0.000313"/>
</kw>
<kw name="Create Dictionary" owner="BuiltIn">
<msg time="2026-04-15T18:03:48.392311" level="INFO">${tag_obj} = {'id': '0', 'name': 'TPEnj'}</msg>
<var>${tag_obj}</var>
<arg>id=0</arg>
<arg>name=${tag}</arg>
<doc>Creates and returns a dictionary based on the given ``items``.</doc>
<status status="PASS" start="2026-04-15T18:03:48.392040" elapsed="0.000321"/>
</kw>
<kw name="Create List" owner="BuiltIn">
<msg time="2026-04-15T18:03:48.392657" level="INFO">${tags} = [{'id': '0', 'name': 'TPEnj'}]</msg>
<var>${tags}</var>
<arg>${tag_obj}</arg>
<doc>Returns a list containing given items.</doc>
<status status="PASS" start="2026-04-15T18:03:48.392453" elapsed="0.000247"/>
</kw>
<kw name="Create Dictionary" owner="BuiltIn">
<msg time="2026-04-15T18:03:48.393015" level="INFO">${category} = {'id': '0', 'name': 'TPEnj'}</msg>
<var>${category}</var>
<arg>id=0</arg>
<arg>name=${tag}</arg>
<doc>Creates and returns a dictionary based on the given ``items``.</doc>
<status status="PASS" start="2026-04-15T18:03:48.392789" elapsed="0.000267"/>
</kw>
<kw name="Create Dictionary" owner="BuiltIn">
<msg time="2026-04-15T18:03:48.393460" level="INFO">${body} = {'id': 6999, 'name': 'qzzzUi', 'photoUrls': ['cpbE'], 'status': 'available', 'category': {'id': '0', 'name': 'TPEnj'}, 'tags': [{'id': '0', 'name': 'TPEnj'}]}</msg>
<var>${body}</var>
<arg>id=${id}</arg>
<arg>name=${name}</arg>
<arg>photoUrls=${photo_list}</arg>
<arg>status=available</arg>
<arg>category=${category}</arg>
<arg>tags=${tags}</arg>
<doc>Creates and returns a dictionary based on the given ``items``.</doc>
<status status="PASS" start="2026-04-15T18:03:48.393153" elapsed="0.000353"/>
</kw>
<return>
<value>${body}</value>
<status status="PASS" start="2026-04-15T18:03:48.393564" elapsed="0.000056"/>
</return>
<msg time="2026-04-15T18:03:48.393721" level="INFO">${body} = {'id': 6999, 'name': 'qzzzUi', 'photoUrls': ['cpbE'], 'status': 'available', 'category': {'id': '0', 'name': 'TPEnj'}, 'tags': [{'id': '0', 'name': 'TPEnj'}]}</msg>
<var>${body}</var>
<status status="PASS" start="2026-04-15T18:03:48.389970" elapsed="0.003788"/>
</kw>
<kw name="Create Pet" owner="pet_keywords">
<kw name="Post Request pet" owner="common_keywords">
<kw name="Create Dictionary" owner="BuiltIn">
<msg time="2026-04-15T18:03:48.395253" level="INFO">${headers} = {'Content-Type': 'application/json'}</msg>
<var>${headers}</var>
<arg>Content-Type=application/json</arg>
<doc>Creates and returns a dictionary based on the given ``items``.</doc>
<status status="PASS" start="2026-04-15T18:03:48.394639" elapsed="0.000669"/>
</kw>
<kw name="POST On Session" owner="RequestsLibrary">
<msg time="2026-04-15T18:03:49.603897" level="INFO">POST Request : url=https://petstore.swagger.io/v2/pet 
 path_url=/v2/pet 
 headers={'User-Agent': 'python-requests/2.33.1', 'Accept-Encoding': 'gzip, deflate, zstd', 'Accept': '*/*', 'Connection': 'keep-alive', 'Content-Type': 'application/json', 'Content-Length': '158'} 
 body=b'{"id": 6999, "name": "qzzzUi", "photoUrls": ["cpbE"], "status": "available", "category": {"id": "0", "name": "TPEnj"}, "tags": [{"id": "0", "name": "TPEnj"}]}' 
 </msg>
<msg time="2026-04-15T18:03:49.604173" level="INFO">POST Response : url=https://petstore.swagger.io/v2/pet 
 status=200, reason=OK 
 headers={'Date': 'Wed, 15 Apr 2026 12:33:49 GMT', 'Content-Type': 'application/json', 'Transfer-Encoding': 'chunked', 'Connection': 'keep-alive', 'Access-Control-Allow-Origin': '*', 'Access-Control-Allow-Methods': 'GET, POST, DELETE, PUT', 'Access-Control-Allow-Headers': 'Content-Type, api_key, Authorization', 'Server': 'Jetty(9.2.9.v20150224)'} 
 body={"id":6999,"category":{"id":0,"name":"TPEnj"},"name":"qzzzUi","photoUrls":["cpbE"],"tags":[{"id":0,"name":"TPEnj"}],"status":"available"} 
 </msg>
<msg time="2026-04-15T18:03:49.604370" level="INFO">C:\Users\shubham.sadgure1\PycharmProjects\API_Automation\.venv\Lib\site-packages\urllib3\connectionpool.py:1097: InsecureRequestWarning: Unverified HTTPS request is being made to host 'petstore.swagger.io'. Adding certificate verification is strongly advised. See: https://urllib3.readthedocs.io/en/latest/advanced-usage.html#tls-warnings
  warnings.warn(</msg>
<msg time="2026-04-15T18:03:49.604614" level="INFO">${response} = &lt;Response [200]&gt;</msg>
<var>${response}</var>
<arg>mysession</arg>
<arg>${endpoint}</arg>
<arg>json=${body}</arg>
<arg>headers=${headers}</arg>
<doc>Sends a POST request on a previously created HTTP Session.</doc>
<status status="PASS" start="2026-04-15T18:03:48.395408" elapsed="1.209249"/>
</kw>
<return>
<value>${response}</value>
<status status="PASS" start="2026-04-15T18:03:49.604753" elapsed="0.000108"/>
</return>
<msg time="2026-04-15T18:03:49.604995" level="INFO">${response} = &lt;Response [200]&gt;</msg>
<var>${response}</var>
<arg>${PET}</arg>
<arg>${body}</arg>
<status status="PASS" start="2026-04-15T18:03:48.394288" elapsed="1.210750"/>
</kw>
<return>
<value>${response}</value>
<status status="PASS" start="2026-04-15T18:03:49.605092" elapsed="0.000058"/>
</return>
<msg time="2026-04-15T18:03:49.605246" level="INFO">${response} = &lt;Response [200]&gt;</msg>
<var>${response}</var>
<arg>${body}</arg>
<status status="PASS" start="2026-04-15T18:03:48.393877" elapsed="1.211403"/>
</kw>
<kw name="Should Be Equal As Numbers" owner="BuiltIn">
<msg time="2026-04-15T18:03:49.605945" level="INFO">Argument types are:
&lt;class 'int'&gt;
&lt;class 'str'&gt;</msg>
<arg>${response.status_code}</arg>
<arg>200</arg>
<doc>Fails if objects are unequal after converting them to real numbers.</doc>
<status status="PASS" start="2026-04-15T18:03:49.605432" elapsed="0.000596"/>
</kw>
<kw name="Set Variable" owner="BuiltIn">
<msg time="2026-04-15T18:03:49.606594" level="INFO">${res_json} = {'id': 6999, 'category': {'id': 0, 'name': 'TPEnj'}, 'name': 'qzzzUi', 'photoUrls': ['cpbE'], 'tags': [{'id': 0, 'name': 'TPEnj'}], 'status': 'available'}</msg>
<var>${res_json}</var>
<arg>${response.json()}</arg>
<doc>Returns the given values which can then be assigned to a variables.</doc>
<status status="PASS" start="2026-04-15T18:03:49.606151" elapsed="0.000501"/>
</kw>
<kw name="Should Be Equal As Numbers" owner="BuiltIn">
<arg>${res_json['id']}</arg>
<arg>${body['id']}</arg>
<doc>Fails if objects are unequal after converting them to real numbers.</doc>
<status status="PASS" start="2026-04-15T18:03:49.606756" elapsed="0.000600"/>
</kw>
<kw name="Should Be Equal" owner="BuiltIn">
<arg>${res_json['name']}</arg>
<arg>${body['name']}</arg>
<doc>Fails if the given objects are unequal.</doc>
<status status="PASS" start="2026-04-15T18:03:49.607473" elapsed="0.000585"/>
</kw>
<kw name="Should Be Equal" owner="BuiltIn">
<arg>${res_json['status']}</arg>
<arg>${body['status']}</arg>
<doc>Fails if the given objects are unequal.</doc>
<status status="PASS" start="2026-04-15T18:03:49.608163" elapsed="0.000545"/>
</kw>
<kw name="Should Be Equal As Numbers" owner="BuiltIn">
<msg time="2026-04-15T18:03:49.609347" level="INFO">Argument types are:
&lt;class 'int'&gt;
&lt;class 'str'&gt;</msg>
<arg>${res_json['category']['id']}</arg>
<arg>${body['category']['id']}</arg>
<doc>Fails if objects are unequal after converting them to real numbers.</doc>
<status status="PASS" start="2026-04-15T18:03:49.608832" elapsed="0.000589"/>
</kw>
<kw name="Should Be Equal" owner="BuiltIn">
<arg>${res_json['category']['name']}</arg>
<arg>${body['category']['name']}</arg>
<doc>Fails if the given objects are unequal.</doc>
<status status="PASS" start="2026-04-15T18:03:49.609528" elapsed="0.000531"/>
</kw>
<kw name="Should Be Equal" owner="BuiltIn">
<arg>${res_json['photoUrls']}</arg>
<arg>${body['photoUrls']}</arg>
<doc>Fails if the given objects are unequal.</doc>
<status status="PASS" start="2026-04-15T18:03:49.610161" elapsed="0.000544"/>
</kw>
<kw name="Should Be Equal As Numbers" owner="BuiltIn">
<msg time="2026-04-15T18:03:49.611316" level="INFO">Argument types are:
&lt;class 'int'&gt;
&lt;class 'str'&gt;</msg>
<arg>${res_json['tags'][0]['id']}</arg>
<arg>${body['tags'][0]['id']}</arg>
<doc>Fails if objects are unequal after converting them to real numbers.</doc>
<status status="PASS" start="2026-04-15T18:03:49.610817" elapsed="0.000567"/>
</kw>
<kw name="Should Be Equal" owner="BuiltIn">
<arg>${res_json['tags'][0]['name']}</arg>
<arg>${body['tags'][0]['name']}</arg>
<doc>Fails if the given objects are unequal.</doc>
<status status="PASS" start="2026-04-15T18:03:49.611484" elapsed="0.000530"/>
</kw>
<status status="PASS" start="2026-04-15T18:03:48.388783" elapsed="1.223337"/>
</test>
<test id="s1-t3" name="Verify Get Pet By ID" line="46">
<kw name="Create API Session" owner="common_keywords">
<kw name="Create Session" owner="RequestsLibrary">
<msg time="2026-04-15T18:03:49.613263" level="INFO">Creating Session using : alias=mysession, url=https://petstore.swagger.io/v2, headers={},                     cookies={}, auth=None, timeout=None, proxies=None, verify=False,                     debug=0 </msg>
<arg>mysession</arg>
<arg>${BASE_URL}</arg>
<doc>Create Session: create a HTTP session to a server</doc>
<status status="PASS" start="2026-04-15T18:03:49.613128" elapsed="0.000272"/>
</kw>
<status status="PASS" start="2026-04-15T18:03:49.612807" elapsed="0.000662"/>
</kw>
<kw name="Set Variable" owner="BuiltIn">
<msg time="2026-04-15T18:03:49.613790" level="INFO">${id} = 5941</msg>
<var>${id}</var>
<arg>${id_created}</arg>
<doc>Returns the given values which can then be assigned to a variables.</doc>
<status status="PASS" start="2026-04-15T18:03:49.613555" elapsed="0.000281"/>
</kw>
<kw name="Get Pet By ID" owner="pet_keywords">
<kw name="Set Variable" owner="BuiltIn">
<msg time="2026-04-15T18:03:49.614434" level="INFO">${endpoint} = /pet/5941</msg>
<var>${endpoint}</var>
<arg>/pet/${id}</arg>
<doc>Returns the given values which can then be assigned to a variables.</doc>
<status status="PASS" start="2026-04-15T18:03:49.614210" elapsed="0.000272"/>
</kw>
<kw name="Get Request Pet" owner="common_keywords">
<kw name="GET On Session" owner="RequestsLibrary">
<msg time="2026-04-15T18:03:50.946928" level="INFO">GET Request : url=https://petstore.swagger.io/v2/pet/5941 
 path_url=/v2/pet/5941 
 headers={'User-Agent': 'python-requests/2.33.1', 'Accept-Encoding': 'gzip, deflate, zstd', 'Accept': '*/*', 'Connection': 'keep-alive'} 
 body=None 
 </msg>
<msg time="2026-04-15T18:03:50.947243" level="INFO">GET Response : url=https://petstore.swagger.io/v2/pet/5941 
 status=200, reason=OK 
 headers={'Date': 'Wed, 15 Apr 2026 12:33:50 GMT', 'Content-Type': 'application/json', 'Transfer-Encoding': 'chunked', 'Connection': 'keep-alive', 'Access-Control-Allow-Origin': '*', 'Access-Control-Allow-Methods': 'GET, POST, DELETE, PUT', 'Access-Control-Allow-Headers': 'Content-Type, api_key, Authorization', 'Server': 'Jetty(9.2.9.v20150224)'} 
 body={"id":5941,"category":{"id":0,"name":"krYqs"},"name":"kBUINT","photoUrls":["nOLa"],"tags":[{"id":0,"name":"krYqs"}],"status":"available"} 
 </msg>
<msg time="2026-04-15T18:03:50.947425" level="INFO">C:\Users\shubham.sadgure1\PycharmProjects\API_Automation\.venv\Lib\site-packages\urllib3\connectionpool.py:1097: InsecureRequestWarning: Unverified HTTPS request is being made to host 'petstore.swagger.io'. Adding certificate verification is strongly advised. See: https://urllib3.readthedocs.io/en/latest/advanced-usage.html#tls-warnings
  warnings.warn(</msg>
<msg time="2026-04-15T18:03:50.947707" level="INFO">${response} = &lt;Response [200]&gt;</msg>
<var>${response}</var>
<arg>mysession</arg>
<arg>${endpoint}</arg>
<doc>Sends a GET request on a previously created HTTP Session.</doc>
<status status="PASS" start="2026-04-15T18:03:49.614803" elapsed="1.333003"/>
</kw>
<return>
<value>${response}</value>
<status status="PASS" start="2026-04-15T18:03:50.948019" elapsed="0.000161"/>
</return>
<msg time="2026-04-15T18:03:50.948530" level="INFO">${response} = &lt;Response [200]&gt;</msg>
<var>${response}</var>
<arg>${endpoint}</arg>
<status status="PASS" start="2026-04-15T18:03:49.614599" elapsed="1.334035"/>
</kw>
<return>
<value>${response}</value>
<status status="PASS" start="2026-04-15T18:03:50.948767" elapsed="0.000118"/>
</return>
<msg time="2026-04-15T18:03:50.949129" level="INFO">${response} = &lt;Response [200]&gt;</msg>
<var>${response}</var>
<arg>${id}</arg>
<status status="PASS" start="2026-04-15T18:03:49.613980" elapsed="1.335243"/>
</kw>
<kw name="Log To Console" owner="BuiltIn">
<arg>${response.status_code}</arg>
<doc>Logs the given message to the console.</doc>
<status status="PASS" start="2026-04-15T18:03:50.949487" elapsed="0.001174"/>
</kw>
<kw name="Log To Console" owner="BuiltIn">
<arg>${response.json()}</arg>
<doc>Logs the given message to the console.</doc>
<status status="PASS" start="2026-04-15T18:03:50.950968" elapsed="0.001158"/>
</kw>
<kw name="Should Be Equal As Numbers" owner="BuiltIn">
<msg time="2026-04-15T18:03:50.953314" level="INFO">Argument types are:
&lt;class 'int'&gt;
&lt;class 'str'&gt;</msg>
<arg>${response.status_code}</arg>
<arg>200</arg>
<doc>Fails if objects are unequal after converting them to real numbers.</doc>
<status status="PASS" start="2026-04-15T18:03:50.952404" elapsed="0.001091"/>
</kw>
<status status="PASS" start="2026-04-15T18:03:49.612519" elapsed="1.341603"/>
</test>
<status status="PASS" start="2026-04-15T18:03:45.607666" elapsed="5.347181"/>
</suite>
<statistics>
<total>
<stat pass="3" fail="0" skip="0">All Tests</stat>
</total>
<tag>
</tag>
<suite>
<stat name="Pet Test" id="s1" pass="3" fail="0" skip="0">Pet Test</stat>
</suite>
</statistics>
<errors>
<msg time="2026-04-15T18:03:48.388872" level="WARN">Multiple tests with name 'Verify Create Pet' executed in suite 'Pet Test'.</msg>
</errors>
</robot>
