<?xml version="1.0" encoding="UTF-8"?>
<robot generator="Robot 7.4.2 (Python 3.14.3 on win32)" generated="2026-04-16T15:15:40.683703" rpa="false" schemaversion="5">
<suite id="s1" name="Tests" source="C:\Users\shubham.sadgure1\PycharmProjects\API_Automation\tests">
<suite id="s1-s1" name="Pet Test" source="C:\Users\shubham.sadgure1\PycharmProjects\API_Automation\tests\pet_test.robot">
<kw name="Create API Session" owner="common_keywords" type="SETUP">
<kw name="Create Session" owner="RequestsLibrary">
<arg>mysession</arg>
<arg>${BASE_URL}</arg>
<doc>Create Session: create a HTTP session to a server</doc>
<status status="PASS" start="2026-04-16T15:15:41.828511" elapsed="0.000263"/>
</kw>
<status status="PASS" start="2026-04-16T15:15:41.827948" elapsed="0.000913"/>
</kw>
<test id="s1-s1-t1" name="Verify Create Pet" line="9">
<kw name="Log To Console" owner="BuiltIn">
<arg>Verifying Create Pet API</arg>
<doc>Logs the given message to the console.</doc>
<status status="PASS" start="2026-04-16T15:15:41.829391" elapsed="0.000420"/>
</kw>
<kw name="Create Dynamic Pet Body" owner="test_data">
<kw name="Evaluate" owner="BuiltIn">
<var>${id}</var>
<arg>random.randint(1000, 9999)</arg>
<arg>modules=random</arg>
<doc>Evaluates the given expression in Python and returns the result.</doc>
<status status="PASS" start="2026-04-16T15:15:41.830329" elapsed="0.000307"/>
</kw>
<kw name="Generate Random String" owner="String">
<var>${name}</var>
<arg>6</arg>
<arg>[LETTERS]</arg>
<doc>Generates a string with a desired ``length`` from the given ``chars``.</doc>
<status status="PASS" start="2026-04-16T15:15:41.830725" elapsed="0.000173"/>
</kw>
<kw name="Generate Random String" owner="String">
<var>${tag}</var>
<arg>5</arg>
<arg>[LETTERS]</arg>
<doc>Generates a string with a desired ``length`` from the given ``chars``.</doc>
<status status="PASS" start="2026-04-16T15:15:41.831429" elapsed="0.000537"/>
</kw>
<kw name="Generate Random String" owner="String">
<var>${photo}</var>
<arg>4</arg>
<arg>[LETTERS]</arg>
<doc>Generates a string with a desired ``length`` from the given ``chars``.</doc>
<status status="PASS" start="2026-04-16T15:15:41.832143" elapsed="0.000178"/>
</kw>
<kw name="Create List" owner="BuiltIn">
<var>${photo_list}</var>
<arg>${photo}</arg>
<doc>Returns a list containing given items.</doc>
<status status="PASS" start="2026-04-16T15:15:41.832427" elapsed="0.000270"/>
</kw>
<kw name="Create Dictionary" owner="BuiltIn">
<var>${tag_obj}</var>
<arg>id=0</arg>
<arg>name=${tag}</arg>
<doc>Creates and returns a dictionary based on the given ``items``.</doc>
<status status="PASS" start="2026-04-16T15:15:41.832786" elapsed="0.000341"/>
</kw>
<kw name="Create List" owner="BuiltIn">
<var>${tags}</var>
<arg>${tag_obj}</arg>
<doc>Returns a list containing given items.</doc>
<status status="PASS" start="2026-04-16T15:15:41.833212" elapsed="0.000177"/>
</kw>
<kw name="Create Dictionary" owner="BuiltIn">
<var>${category}</var>
<arg>id=0</arg>
<arg>name=${tag}</arg>
<doc>Creates and returns a dictionary based on the given ``items``.</doc>
<status status="PASS" start="2026-04-16T15:15:41.833477" elapsed="0.000220"/>
</kw>
<kw name="Create Dictionary" owner="BuiltIn">
<var>${body}</var>
<arg>id=${id}</arg>
<arg>name=${name}</arg>
<arg>photoUrls=${photo_list}</arg>
<arg>status=available</arg>
<arg>category=${category}</arg>
<arg>tags=${tags}</arg>
<doc>Creates and returns a dictionary based on the given ``items``.</doc>
<status status="PASS" start="2026-04-16T15:15:41.833789" elapsed="0.000376"/>
</kw>
<return>
<value>${body}</value>
<status status="PASS" start="2026-04-16T15:15:41.834231" elapsed="0.000053"/>
</return>
<var>${body}</var>
<status status="PASS" start="2026-04-16T15:15:41.830165" elapsed="0.004243"/>
</kw>
<kw name="Create Pet" owner="pet_keywords">
<kw name="Post Request pet" owner="common_keywords">
<kw name="Create Dictionary" owner="BuiltIn">
<var>${headers}</var>
<arg>Content-Type=application/json</arg>
<doc>Creates and returns a dictionary based on the given ``items``.</doc>
<status status="PASS" start="2026-04-16T15:15:41.835371" elapsed="0.000252"/>
</kw>
<kw name="POST On Session" owner="RequestsLibrary">
<var>${response}</var>
<arg>mysession</arg>
<arg>${endpoint}</arg>
<arg>json=${body}</arg>
<arg>headers=${headers}</arg>
<doc>Sends a POST request on a previously created HTTP Session.</doc>
<status status="PASS" start="2026-04-16T15:15:41.835715" elapsed="1.138547"/>
</kw>
<return>
<value>${response}</value>
<status status="PASS" start="2026-04-16T15:15:42.974520" elapsed="0.000156"/>
</return>
<var>${response}</var>
<arg>${PET}</arg>
<arg>${body}</arg>
<status status="PASS" start="2026-04-16T15:15:41.835164" elapsed="1.139858"/>
</kw>
<return>
<value>${response}</value>
<status status="PASS" start="2026-04-16T15:15:42.975139" elapsed="0.000072"/>
</return>
<var>${response}</var>
<arg>${body}</arg>
<status status="PASS" start="2026-04-16T15:15:41.834883" elapsed="1.140564"/>
</kw>
<kw name="Should Be Equal As Numbers" owner="BuiltIn">
<arg>${response.status_code}</arg>
<arg>200</arg>
<doc>Fails if objects are unequal after converting them to real numbers.</doc>
<status status="PASS" start="2026-04-16T15:15:42.976401" elapsed="0.001321"/>
</kw>
<kw name="Set Variable" owner="BuiltIn">
<var>${res_json}</var>
<arg>${response.json()}</arg>
<doc>Returns the given values which can then be assigned to a variables.</doc>
<status status="PASS" start="2026-04-16T15:15:42.978678" elapsed="0.001289"/>
</kw>
<kw name="Set Variable" owner="BuiltIn">
<var>${id_created}</var>
<arg>${res_json['id']}</arg>
<doc>Returns the given values which can then be assigned to a variables.</doc>
<status status="PASS" start="2026-04-16T15:15:42.980892" elapsed="0.000985"/>
</kw>
<kw name="Set Suite Variable" owner="BuiltIn">
<arg>${id_created}</arg>
<doc>Makes a variable available everywhere within the scope of the current suite.</doc>
<status status="PASS" start="2026-04-16T15:15:42.982634" elapsed="0.000520"/>
</kw>
<kw name="Log To Console" owner="BuiltIn">
<arg>${response.status_code}</arg>
<doc>Logs the given message to the console.</doc>
<status status="PASS" start="2026-04-16T15:15:42.983721" elapsed="0.001121"/>
</kw>
<kw name="Log To Console" owner="BuiltIn">
<arg>${response.json()}</arg>
<doc>Logs the given message to the console.</doc>
<status status="PASS" start="2026-04-16T15:15:42.985542" elapsed="0.000964"/>
</kw>
<kw name="Should Be Equal As Numbers" owner="BuiltIn">
<arg>${res_json['id']}</arg>
<arg>${body['id']}</arg>
<doc>Fails if objects are unequal after converting them to real numbers.</doc>
<status status="PASS" start="2026-04-16T15:15:42.987321" elapsed="0.000884"/>
</kw>
<kw name="Should Be Equal" owner="BuiltIn">
<arg>${res_json['name']}</arg>
<arg>${body['name']}</arg>
<doc>Fails if the given objects are unequal.</doc>
<status status="PASS" start="2026-04-16T15:15:42.988556" elapsed="0.000737"/>
</kw>
<kw name="Should Be Equal" owner="BuiltIn">
<arg>${res_json['status']}</arg>
<arg>${body['status']}</arg>
<doc>Fails if the given objects are unequal.</doc>
<status status="PASS" start="2026-04-16T15:15:42.989652" elapsed="0.001086"/>
</kw>
<kw name="Should Be Equal As Numbers" owner="BuiltIn">
<arg>${res_json['category']['id']}</arg>
<arg>${body['category']['id']}</arg>
<doc>Fails if objects are unequal after converting them to real numbers.</doc>
<status status="PASS" start="2026-04-16T15:15:42.991081" elapsed="0.000996"/>
</kw>
<kw name="Should Be Equal" owner="BuiltIn">
<arg>${res_json['category']['name']}</arg>
<arg>${body['category']['name']}</arg>
<doc>Fails if the given objects are unequal.</doc>
<status status="PASS" start="2026-04-16T15:15:42.992448" elapsed="0.000888"/>
</kw>
<kw name="Should Be Equal" owner="BuiltIn">
<arg>${res_json['photoUrls']}</arg>
<arg>${body['photoUrls']}</arg>
<doc>Fails if the given objects are unequal.</doc>
<status status="PASS" start="2026-04-16T15:15:42.993761" elapsed="0.000656"/>
</kw>
<kw name="Should Be Equal As Numbers" owner="BuiltIn">
<arg>${res_json['tags'][0]['id']}</arg>
<arg>${body['tags'][0]['id']}</arg>
<doc>Fails if objects are unequal after converting them to real numbers.</doc>
<status status="PASS" start="2026-04-16T15:15:42.994837" elapsed="0.000764"/>
</kw>
<kw name="Should Be Equal" owner="BuiltIn">
<arg>${res_json['tags'][0]['name']}</arg>
<arg>${body['tags'][0]['name']}</arg>
<doc>Fails if the given objects are unequal.</doc>
<status status="PASS" start="2026-04-16T15:15:42.996086" elapsed="0.001026"/>
</kw>
<status status="PASS" start="2026-04-16T15:15:41.828913" elapsed="1.168889"/>
</test>
<test id="s1-s1-t2" name="Verify Get Pet By ID" line="36">
<kw name="Log To Console" owner="BuiltIn">
<arg>Verifying Get Pet by ID API</arg>
<doc>Logs the given message to the console.</doc>
<status status="PASS" start="2026-04-16T15:15:42.998997" elapsed="0.000421"/>
</kw>
<kw name="Set Variable" owner="BuiltIn">
<var>${id}</var>
<arg>${id_created}</arg>
<doc>Returns the given values which can then be assigned to a variables.</doc>
<status status="PASS" start="2026-04-16T15:15:42.999703" elapsed="0.000231"/>
</kw>
<kw name="Get Pet By ID" owner="pet_keywords">
<kw name="Set Variable" owner="BuiltIn">
<var>${endpoint}</var>
<arg>/pet/${id}</arg>
<doc>Returns the given values which can then be assigned to a variables.</doc>
<status status="PASS" start="2026-04-16T15:15:43.000542" elapsed="0.000204"/>
</kw>
<kw name="Get Request Pet" owner="common_keywords">
<kw name="GET On Session" owner="RequestsLibrary">
<var>${response}</var>
<arg>mysession</arg>
<arg>${endpoint}</arg>
<doc>Sends a GET request on a previously created HTTP Session.</doc>
<status status="PASS" start="2026-04-16T15:15:43.001022" elapsed="0.232017"/>
</kw>
<return>
<value>${response}</value>
<status status="PASS" start="2026-04-16T15:15:43.233197" elapsed="0.000075"/>
</return>
<var>${response}</var>
<arg>${endpoint}</arg>
<status status="PASS" start="2026-04-16T15:15:43.000862" elapsed="0.232624"/>
</kw>
<return>
<value>${response}</value>
<status status="PASS" start="2026-04-16T15:15:43.233566" elapsed="0.000039"/>
</return>
<var>${response}</var>
<arg>${id}</arg>
<status status="PASS" start="2026-04-16T15:15:43.000331" elapsed="0.233441"/>
</kw>
<kw name="Log To Console" owner="BuiltIn">
<arg>${response.status_code}</arg>
<doc>Logs the given message to the console.</doc>
<status status="PASS" start="2026-04-16T15:15:43.234510" elapsed="0.001268"/>
</kw>
<kw name="Log To Console" owner="BuiltIn">
<arg>${response.json()}</arg>
<doc>Logs the given message to the console.</doc>
<status status="PASS" start="2026-04-16T15:15:43.236757" elapsed="0.002393"/>
</kw>
<kw name="Should Be Equal As Numbers" owner="BuiltIn">
<arg>${response.status_code}</arg>
<arg>200</arg>
<doc>Fails if objects are unequal after converting them to real numbers.</doc>
<status status="PASS" start="2026-04-16T15:15:43.239885" elapsed="0.001499"/>
</kw>
<status status="PASS" start="2026-04-16T15:15:42.998541" elapsed="0.243303"/>
</test>
<test id="s1-s1-t3" name="Verify Update Pet By ID" line="49">
<kw name="Log To Console" owner="BuiltIn">
<arg>Verifying Update Pet by ID API</arg>
<doc>Logs the given message to the console.</doc>
<status status="PASS" start="2026-04-16T15:15:43.242921" elapsed="0.000971"/>
</kw>
<kw name="Set Variable" owner="BuiltIn">
<var>${id}</var>
<arg>${id_created}</arg>
<doc>Returns the given values which can then be assigned to a variables.</doc>
<status status="PASS" start="2026-04-16T15:15:43.244683" elapsed="0.000526"/>
</kw>
<kw name="Create Dynamic Update Pet Body" owner="test_data">
<kw name="Generate Random String" owner="String">
<var>${name}</var>
<arg>6</arg>
<arg>[LETTERS]</arg>
<doc>Generates a string with a desired ``length`` from the given ``chars``.</doc>
<status status="PASS" start="2026-04-16T15:15:43.245992" elapsed="0.000209"/>
</kw>
<kw name="Generate Random String" owner="String">
<var>${tag}</var>
<arg>5</arg>
<arg>[LETTERS]</arg>
<doc>Generates a string with a desired ``length`` from the given ``chars``.</doc>
<status status="PASS" start="2026-04-16T15:15:43.246313" elapsed="0.000157"/>
</kw>
<kw name="Generate Random String" owner="String">
<var>${photo}</var>
<arg>4</arg>
<arg>[LETTERS]</arg>
<doc>Generates a string with a desired ``length`` from the given ``chars``.</doc>
<status status="PASS" start="2026-04-16T15:15:43.246560" elapsed="0.000134"/>
</kw>
<kw name="Create List" owner="BuiltIn">
<var>${photo_list}</var>
<arg>${photo}</arg>
<doc>Returns a list containing given items.</doc>
<status status="PASS" start="2026-04-16T15:15:43.246780" elapsed="0.000258"/>
</kw>
<kw name="Create Dictionary" owner="BuiltIn">
<var>${tag_obj}</var>
<arg>id=0</arg>
<arg>name=${tag}</arg>
<doc>Creates and returns a dictionary based on the given ``items``.</doc>
<status status="PASS" start="2026-04-16T15:15:43.247176" elapsed="0.000299"/>
</kw>
<kw name="Create List" owner="BuiltIn">
<var>${tags}</var>
<arg>${tag_obj}</arg>
<doc>Returns a list containing given items.</doc>
<status status="PASS" start="2026-04-16T15:15:43.247581" elapsed="0.000224"/>
</kw>
<kw name="Create Dictionary" owner="BuiltIn">
<var>${category}</var>
<arg>id=0</arg>
<arg>name=${tag}</arg>
<doc>Creates and returns a dictionary based on the given ``items``.</doc>
<status status="PASS" start="2026-04-16T15:15:43.247902" elapsed="0.000232"/>
</kw>
<kw name="Create Dictionary" owner="BuiltIn">
<var>${body}</var>
<arg>id=${id}</arg>
<arg>name=${name}</arg>
<arg>photoUrls=${photo_list}</arg>
<arg>status=updated</arg>
<arg>category=${category}</arg>
<arg>tags=${tags}</arg>
<doc>Creates and returns a dictionary based on the given ``items``.</doc>
<status status="PASS" start="2026-04-16T15:15:43.248220" elapsed="0.000309"/>
</kw>
<return>
<value>${body}</value>
<status status="PASS" start="2026-04-16T15:15:43.248587" elapsed="0.000037"/>
</return>
<var>${update_body}</var>
<arg>${id}</arg>
<status status="PASS" start="2026-04-16T15:15:43.245677" elapsed="0.003051"/>
</kw>
<kw name="Update Pet" owner="pet_keywords">
<kw name="Put Request Pet" owner="common_keywords">
<kw name="Create Dictionary" owner="BuiltIn">
<var>${headers}</var>
<arg>Content-Type=application/json</arg>
<doc>Creates and returns a dictionary based on the given ``items``.</doc>
<status status="PASS" start="2026-04-16T15:15:43.250178" elapsed="0.000345"/>
</kw>
<kw name="PUT On Session" owner="RequestsLibrary">
<var>${response}</var>
<arg>mysession</arg>
<arg>/pet</arg>
<arg>json=${body}</arg>
<arg>headers=${headers}</arg>
<doc>Sends a PUT request on a previously created HTTP Session.</doc>
<status status="PASS" start="2026-04-16T15:15:43.250631" elapsed="0.232280"/>
</kw>
<return>
<value>${response}</value>
<status status="PASS" start="2026-04-16T15:15:43.483014" elapsed="0.000039"/>
</return>
<var>${response}</var>
<arg>${body}</arg>
<status status="PASS" start="2026-04-16T15:15:43.249949" elapsed="0.233210"/>
</kw>
<return>
<value>${response}</value>
<status status="PASS" start="2026-04-16T15:15:43.483196" elapsed="0.000019"/>
</return>
<var>${response}</var>
<arg>${update_body}</arg>
<status status="PASS" start="2026-04-16T15:15:43.249522" elapsed="0.233768"/>
</kw>
<kw name="Log To Console" owner="BuiltIn">
<arg>${response.status_code}</arg>
<doc>Logs the given message to the console.</doc>
<status status="PASS" start="2026-04-16T15:15:43.483631" elapsed="0.000657"/>
</kw>
<kw name="Log To Console" owner="BuiltIn">
<arg>${response.json()}</arg>
<doc>Logs the given message to the console.</doc>
<status status="PASS" start="2026-04-16T15:15:43.484449" elapsed="0.000587"/>
</kw>
<kw name="Should Be Equal As Numbers" owner="BuiltIn">
<arg>${response.status_code}</arg>
<arg>200</arg>
<doc>Fails if objects are unequal after converting them to real numbers.</doc>
<status status="PASS" start="2026-04-16T15:15:43.485245" elapsed="0.001081"/>
</kw>
<kw name="Set Variable" owner="BuiltIn">
<var>${json}</var>
<arg>${response.json()}</arg>
<doc>Returns the given values which can then be assigned to a variables.</doc>
<status status="PASS" start="2026-04-16T15:15:43.487191" elapsed="0.000523"/>
</kw>
<kw name="Should Be Equal As Numbers" owner="BuiltIn">
<arg>${json['id']}</arg>
<arg>${update_body['id']}</arg>
<doc>Fails if objects are unequal after converting them to real numbers.</doc>
<status status="PASS" start="2026-04-16T15:15:43.488085" elapsed="0.001193"/>
</kw>
<kw name="Should Be Equal" owner="BuiltIn">
<arg>${json['name']}</arg>
<arg>${update_body['name']}</arg>
<doc>Fails if the given objects are unequal.</doc>
<status status="PASS" start="2026-04-16T15:15:43.489971" elapsed="0.001189"/>
</kw>
<kw name="Should Be Equal" owner="BuiltIn">
<arg>${json['status']}</arg>
<arg>${update_body['status']}</arg>
<doc>Fails if the given objects are unequal.</doc>
<status status="PASS" start="2026-04-16T15:15:43.492153" elapsed="0.001117"/>
</kw>
<kw name="Should Be Equal As Numbers" owner="BuiltIn">
<arg>${json['category']['id']}</arg>
<arg>${update_body['category']['id']}</arg>
<doc>Fails if objects are unequal after converting them to real numbers.</doc>
<status status="PASS" start="2026-04-16T15:15:43.493956" elapsed="0.001589"/>
</kw>
<kw name="Should Be Equal" owner="BuiltIn">
<arg>${json['category']['name']}</arg>
<arg>${update_body['category']['name']}</arg>
<doc>Fails if the given objects are unequal.</doc>
<status status="PASS" start="2026-04-16T15:15:43.495913" elapsed="0.000604"/>
</kw>
<kw name="Should Be Equal" owner="BuiltIn">
<arg>${json['photoUrls']}</arg>
<arg>${update_body['photoUrls']}</arg>
<doc>Fails if the given objects are unequal.</doc>
<status status="PASS" start="2026-04-16T15:15:43.496875" elapsed="0.000558"/>
</kw>
<kw name="Should Be Equal As Numbers" owner="BuiltIn">
<arg>${json['tags'][0]['id']}</arg>
<arg>${update_body['tags'][0]['id']}</arg>
<doc>Fails if objects are unequal after converting them to real numbers.</doc>
<status status="PASS" start="2026-04-16T15:15:43.497591" elapsed="0.000490"/>
</kw>
<kw name="Should Be Equal" owner="BuiltIn">
<arg>${json['tags'][0]['name']}</arg>
<arg>${update_body['tags'][0]['name']}</arg>
<doc>Fails if the given objects are unequal.</doc>
<status status="PASS" start="2026-04-16T15:15:43.498396" elapsed="0.000545"/>
</kw>
<status status="PASS" start="2026-04-16T15:15:43.242477" elapsed="0.256771"/>
</test>
<test id="s1-s1-t4" name="Verify Delete Pet By ID" line="79">
<kw name="Log To Console" owner="BuiltIn">
<arg>Verifying Delete Pet API</arg>
<doc>Logs the given message to the console.</doc>
<status status="PASS" start="2026-04-16T15:15:43.500291" elapsed="0.000302"/>
</kw>
<kw name="Delete Pet By ID" owner="pet_keywords">
<kw name="Set Variable" owner="BuiltIn">
<var>${endpoint}</var>
<arg>/pet/${id}</arg>
<doc>Returns the given values which can then be assigned to a variables.</doc>
<status status="PASS" start="2026-04-16T15:15:43.501151" elapsed="0.000208"/>
</kw>
<kw name="Delete Request Pet" owner="common_keywords">
<kw name="DELETE On Session" owner="RequestsLibrary">
<var>${response}</var>
<arg>mysession</arg>
<arg>${endpoint}</arg>
<doc>Sends a DELETE request on a previously created HTTP Session.</doc>
<status status="PASS" start="2026-04-16T15:15:43.502835" elapsed="0.303752"/>
</kw>
<return>
<value>${response}</value>
<status status="PASS" start="2026-04-16T15:15:43.806685" elapsed="0.000071"/>
</return>
<var>${response}</var>
<arg>${endpoint}</arg>
<status status="PASS" start="2026-04-16T15:15:43.501470" elapsed="0.305434"/>
</kw>
<return>
<value>${response}</value>
<status status="PASS" start="2026-04-16T15:15:43.806950" elapsed="0.000022"/>
</return>
<var>${response}</var>
<arg>${id_created}</arg>
<status status="PASS" start="2026-04-16T15:15:43.500941" elapsed="0.306116"/>
</kw>
<kw name="Set Variable" owner="BuiltIn">
<var>${json}</var>
<arg>${response.json()}</arg>
<doc>Returns the given values which can then be assigned to a variables.</doc>
<status status="PASS" start="2026-04-16T15:15:43.807541" elapsed="0.000723"/>
</kw>
<kw name="Log To Console" owner="BuiltIn">
<arg>${response.status_code}</arg>
<doc>Logs the given message to the console.</doc>
<status status="PASS" start="2026-04-16T15:15:43.808601" elapsed="0.000672"/>
</kw>
<kw name="Log To Console" owner="BuiltIn">
<arg>${response.json()}</arg>
<doc>Logs the given message to the console.</doc>
<status status="PASS" start="2026-04-16T15:15:43.809438" elapsed="0.000983"/>
</kw>
<kw name="Should Be Equal As Numbers" owner="BuiltIn">
<arg>${response.status_code}</arg>
<arg>200</arg>
<doc>Fails if objects are unequal after converting them to real numbers.</doc>
<status status="PASS" start="2026-04-16T15:15:43.810756" elapsed="0.000843"/>
</kw>
<kw name="Convert To String" owner="BuiltIn">
<var>${id_str}</var>
<arg>${id_created}</arg>
<doc>Converts the given item to a Unicode string.</doc>
<status status="PASS" start="2026-04-16T15:15:43.812246" elapsed="0.000399"/>
</kw>
<kw name="Should Be Equal" owner="BuiltIn">
<arg>${json['message']}</arg>
<arg>${id_str}</arg>
<doc>Fails if the given objects are unequal.</doc>
<status status="PASS" start="2026-04-16T15:15:43.813332" elapsed="0.000801"/>
</kw>
<status status="PASS" start="2026-04-16T15:15:43.499877" elapsed="0.314739"/>
</test>
<status status="PASS" start="2026-04-16T15:15:40.791807" elapsed="3.024380"/>
</suite>
<status status="PASS" start="2026-04-16T15:15:40.687535" elapsed="3.130202"/>
</suite>
<statistics>
<total>
<stat pass="4" fail="0" skip="0">All Tests</stat>
</total>
<tag>
</tag>
<suite>
<stat name="Tests" id="s1" pass="4" fail="0" skip="0">Tests</stat>
<stat name="Pet Test" id="s1-s1" pass="4" fail="0" skip="0">Tests.Pet Test</stat>
</suite>
</statistics>
<errors>
</errors>
</robot>
